<?xml version="1.0" encoding="UTF-8"?>
<!-- Generated by org.testng.reporters.JUnitXMLReporter -->
<testsuite hostname="DESKTOP-RI8CTLM" ignored="0" name="Test" tests="3" failures="0" timestamp="2020-10-17T21:31:05 EDT" time="60.526" errors="0">
  <testcase name="Submit_Contact_support" time="3.557" classname="EQcare.EQcare.Submission_error"/>
  <testcase name="Submit_Contact_support" time="10.009" classname="EQcare.EQcare.Submission_successful"/>
  <testcase name="Click_Contact_support" time="3.471" classname="EQcare.EQcare.Supportpage"/>
</testsuite> <!-- Test -->
