<?xml version="1.0" encoding="UTF-8"?>
<testng-results skipped="0" failed="0" ignored="0" total="3" passed="3">
  <reporter-output>
  </reporter-output>
  <suite name="Suite" duration-ms="60526" started-at="2020-10-17T21:30:05 EDT" finished-at="2020-10-17T21:31:05 EDT">
    <groups>
    </groups>
    <test name="Test" duration-ms="60526" started-at="2020-10-17T21:30:05 EDT" finished-at="2020-10-17T21:31:05 EDT">
      <class name="EQcare.EQcare.Submission_successful">
        <test-method status="PASS" signature="Supportpage()[pri:0, instance:EQcare.EQcare.Submission_successful@2d6eabae]" name="Supportpage" is-config="true" duration-ms="14801" started-at="2020-10-17T21:30:23 EDT" finished-at="2020-10-17T21:30:38 EDT">
          <reporter-output>
          </reporter-output>
        </test-method> <!-- Supportpage -->
        <test-method status="PASS" signature="Submit_Contact_support()[pri:0, instance:EQcare.EQcare.Submission_successful@2d6eabae]" name="Submit_Contact_support" duration-ms="10009" started-at="2020-10-17T21:30:52 EDT" finished-at="2020-10-17T21:31:02 EDT">
          <reporter-output>
          </reporter-output>
        </test-method> <!-- Submit_Contact_support -->
      </class> <!-- EQcare.EQcare.Submission_successful -->
      <class name="EQcare.EQcare.Submission_error">
        <test-method status="PASS" signature="Supportpage()[pri:0, instance:EQcare.EQcare.Submission_error@23faf8f2]" name="Supportpage" is-config="true" duration-ms="17908" started-at="2020-10-17T21:30:05 EDT" finished-at="2020-10-17T21:30:23 EDT">
          <reporter-output>
          </reporter-output>
        </test-method> <!-- Supportpage -->
        <test-method status="PASS" signature="Submit_Contact_support()[pri:0, instance:EQcare.EQcare.Submission_error@23faf8f2]" name="Submit_Contact_support" duration-ms="3557" started-at="2020-10-17T21:30:48 EDT" finished-at="2020-10-17T21:30:52 EDT">
          <reporter-output>
          </reporter-output>
        </test-method> <!-- Submit_Contact_support -->
      </class> <!-- EQcare.EQcare.Submission_error -->
      <class name="EQcare.EQcare.Supportpage">
        <test-method status="PASS" signature="Contactus_page()[pri:0, instance:EQcare.EQcare.Supportpage@4e7dc304]" name="Contactus_page" is-config="true" duration-ms="10688" started-at="2020-10-17T21:30:38 EDT" finished-at="2020-10-17T21:30:48 EDT">
          <reporter-output>
          </reporter-output>
        </test-method> <!-- Contactus_page -->
        <test-method status="PASS" signature="Click_Contact_support()[pri:0, instance:EQcare.EQcare.Supportpage@4e7dc304]" name="Click_Contact_support" duration-ms="3471" started-at="2020-10-17T21:31:02 EDT" finished-at="2020-10-17T21:31:05 EDT">
          <reporter-output>
          </reporter-output>
        </test-method> <!-- Click_Contact_support -->
      </class> <!-- EQcare.EQcare.Supportpage -->
    </test> <!-- Test -->
  </suite> <!-- Suite -->
</testng-results>
